<?xml version="1.0" encoding="UTF-8"?>
<!-- Generated by org.testng.reporters.JUnitXMLReporter -->
<testsuite ignored="2" hostname="LAPTOP-RULS43T2" failures="0" tests="1" name="Default test" time="0.06" errors="0" timestamp="2022-10-08T15:38:14 IST">
  <testcase classname="test.testNg" name="@BeforeTest launchBrowser" time="-1.665223694792E9">
    <failure type="org.testng.TestNGException" message="
Parameter &amp;apos;browser&amp;apos; is required by BeforeTest on method launchBrowser but has not been marked @Optional or defined
in C:\Users\MAYUR PATIL\AppData\Local\Temp\testng-eclipse-133798729\testng-customsuite.xml">
      <![CDATA[org.testng.TestNGException: 
Parameter 'browser' is required by BeforeTest on method launchBrowser but has not been marked @Optional or defined
in C:\Users\MAYUR PATIL\AppData\Local\Temp\testng-eclipse-133798729\testng-customsuite.xml
at org.testng.internal.Parameters.createParams(Parameters.java:270)
at org.testng.internal.Parameters.createParametersForMethod(Parameters.java:358)
at org.testng.internal.Parameters.createParameters(Parameters.java:700)
at org.testng.internal.Parameters.createConfigurationParameters(Parameters.java:168)
at org.testng.internal.ConfigInvoker.invokeConfigurations(ConfigInvoker.java:302)
at org.testng.TestRunner.invokeTestConfigurations(TestRunner.java:637)
at org.testng.TestRunner.beforeRun(TestRunner.java:627)
at org.testng.TestRunner.run(TestRunner.java:589)
at org.testng.SuiteRunner.runTest(SuiteRunner.java:377)
at org.testng.SuiteRunner.runSequentially(SuiteRunner.java:371)
at org.testng.SuiteRunner.privateRun(SuiteRunner.java:332)
at org.testng.SuiteRunner.run(SuiteRunner.java:276)
at org.testng.SuiteRunnerWorker.runSuite(SuiteRunnerWorker.java:53)
at org.testng.SuiteRunnerWorker.run(SuiteRunnerWorker.java:96)
at org.testng.TestNG.runSuitesSequentially(TestNG.java:1212)
at org.testng.TestNG.runSuitesLocally(TestNG.java:1134)
at org.testng.TestNG.runSuites(TestNG.java:1063)
at org.testng.TestNG.run(TestNG.java:1031)
at org.testng.remote.AbstractRemoteTestNG.run(AbstractRemoteTestNG.java:115)
at org.testng.remote.RemoteTestNG.initAndRun(RemoteTestNG.java:251)
at org.testng.remote.RemoteTestNG.main(RemoteTestNG.java:77)
]]>
    </failure>
  </testcase> <!-- @BeforeTest launchBrowser -->
  <testcase classname="test.testNg" name="@BeforeClass createPOMClassObjects" time="-1.665223694822E9">
    <skipped/>
  </testcase> <!-- @BeforeClass createPOMClassObjects -->
  <testcase classname="test.testNg" name="@BeforeMethod roomsPage" time="-1.665223694836E9">
    <skipped/>
  </testcase> <!-- @BeforeMethod roomsPage -->
  <testcase classname="test.testNg" name="@AfterMethod logOut" time="-1.665223694842E9">
    <skipped/>
  </testcase> <!-- @AfterMethod logOut -->
  <testcase classname="test.testNg" name="@AfterClass removeObjects" time="-1.665223694844E9">
    <skipped/>
  </testcase> <!-- @AfterClass removeObjects -->
  <testcase classname="test.testNg" name="@AfterTest closeDriver" time="-1.665223694846E9">
    <skipped/>
  </testcase> <!-- @AfterTest closeDriver -->
  <testcase classname="test.testNg" name="checkTheLogin" time="0.0">
    <skipped/>
  </testcase> <!-- checkTheLogin -->
  <testcase classname="test.testNg" name="verifyTheHelpCenter" time="0.0">
    <ignored/>
  </testcase> <!-- verifyTheHelpCenter -->
  <testcase classname="test.testNg" name="verifyTheReturnToMessengerButton" time="0.0">
    <ignored/>
  </testcase> <!-- verifyTheReturnToMessengerButton -->
</testsuite> <!-- Default test -->
